00:00:00.285 |I| Configuration LogValueChange: ResScale set to: 1
00:00:00.301 |I| Configuration LogValueChange: ResScaleCustom set to: 1
00:00:00.301 |I| Configuration LogValueChange: MaxAnisotropy set to: -1
00:00:00.302 |I| Configuration LogValueChange: AspectRatio set to: Fixed16x9
00:00:00.303 |I| Configuration LogValueChange: PreferredGpu set to: 0x1002_0x1114
00:00:00.304 |I| Configuration LogValueChange: ScalingFilterLevel set to: 80
00:00:00.304 |I| Configuration LogValueChange: CustomVSyncInterval set to: 120
00:00:00.304 |I| Configuration LogValueChange: EnableShaderCache set to: True
00:00:00.304 |I| Configuration LogValueChange: EnableMacroHLE set to: True
00:00:00.305 |I| Configuration LogValueChange: Language set to: AmericanEnglish
00:00:00.306 |I| Configuration LogValueChange: Region set to: USA
00:00:00.306 |I| Configuration LogValueChange: TimeZone set to: UTC
00:00:00.309 |I| Configuration LogValueChange: SystemTimeOffset set to: -37
00:00:00.309 |I| Configuration LogValueChange: EnableDockedMode set to: True
00:00:00.309 |I| Configuration LogValueChange: EnablePtc set to: True
00:00:00.311 |I| Configuration LogValueChange: TickScalar set to: 50
00:00:00.311 |I| Configuration LogValueChange: EnableFsIntegrityChecks set to: True
00:00:00.312 |I| Configuration LogValueChange: AudioBackend set to: SDL2
00:00:00.312 |I| Configuration LogValueChange: AudioVolume set to: 1
00:00:00.313 |I| Configuration LogValueChange: MemoryManagerMode set to: HostMappedUnsafe
00:00:00.314 |I| Configuration LogValueChange: UseHypervisor set to: True
00:00:00.316 |I| Configuration LogValueChange: LdnPassphrase set to: 
00:00:00.316 |I| Configuration LogValueChange: LdnServer set to: 
00:00:00.317 |I| Configuration LogValueChange: GdbStubPort set to: 55555
00:00:00.328 |W| Application GetActualScaleFactor: Couldn't determine monitor DPI: Wayland not yet supported
00:00:00.329 |N| Application PrintSystemInfo:    ___                 __    _              
00:00:00.329 |N| Application PrintSystemInfo:   / _ \  __ __ __ __  / /   (_)  ___   ___ _
00:00:00.329 |N| Application PrintSystemInfo:  / , _/ / // // // / / _ \ / /  / _ \ / _ `/
00:00:00.329 |N| Application PrintSystemInfo: /_/|_|  \_, / \_,_/ /_.__//_/  /_//_/ \_, / 
00:00:00.329 |N| Application PrintSystemInfo:        /___/                         /___/  
00:00:00.329 |N| Application PrintSystemInfo: Ryujinx Version: 1.3.3
00:00:00.329 |N| Application PrintSystemInfo: .NET Runtime: .NET 9.0.9
00:00:00.342 |N| Application PrintSystemInfo: Operating System: Arch Linux (X64)
00:00:00.342 |N| Application PrintSystemInfo: CPU: AMD Ryzen AI 7 350 w/ Radeon 860M ; 16 logical
00:00:00.346 |N| Application PrintSystemInfo: RAM: Total 14.9 GiB ; Available 12 GiB
00:00:00.349 |N| Application PrintSystemInfo: Logs Enabled: Info, Warning, Error, Guest, Stub
00:00:00.350 |N| Application PrintSystemInfo: Launch Mode: UserProfile
00:00:00.659 |E| .NET TP Worker ATTENTION: default value of option mesa_glthread overridden by environment.
00:00:00.707 |E| .NET TP Worker ATTENTION: default value of option mesa_glthread overridden by environment.
00:00:00.709 |E| .NET TP Worker ATTENTION: default value of option mesa_glthread overridden by environment.
00:00:04.473 |I| Application QueryLatestAsync: Checking for updates from: https://update.ryujinx.app/latest/query?os=linux&arch=amd64&rc=stable
00:00:04.618 |E| .NET TP Worker ATTENTION: default value of option mesa_glthread overridden by environment.
00:00:00.086 |I| Gpu : Backend Threading (Auto): True
00:00:00.290 |N| Application LoadGuestApplication: Using Firmware Version: 19.0.1
00:00:00.290 |N| Application LoadGuestApplication: Loading content archive from '/home/[redacted]/Downloads/Games/Pokemon Brilliant Diamond [0100000011D90000][v0].nsp'.
00:00:00.290 |I| Application LoadGuestApplication: Loading as NSP.
00:00:00.311 |I| ModLoader QueryContentsDir: Searching mods for Application 0100000011D90000 in "/home/[redacted]/.config/Ryujinx/mods/contents"
00:00:00.312 |I| ModLoader QueryContentsDir: Searching mods for Application 0100000011D90000 in "/home/[redacted]/.config/Ryujinx/sdcard/atmosphere/contents"
00:00:00.319 |I| Loader Load: Loading rtld...
00:00:00.336 |I| Loader PrintRoSectionInfo: rtld:
    Module: nnrtld
00:00:00.336 |I| Loader Load: Loading main...
00:00:00.697 |I| Loader PrintRoSectionInfo: main:
    Module: F:\JenkinsWorkSpace\workspace\BuildRom_Launch\unity_project\Dpr\SwitchIL2CPPCache\il2cpp_cache\linkresult_22F671898E59E8B9B3F93C78532B1E40\SwitchPlayer.nss
    SDK Libraries: SDK MW+UnityTechnologies+Unity-2019_4_27_f1
                   SDK MW+Nintendo+NintendoSDK_libcurl-11_4_3-Release
                   SDK MW+Nintendo+NintendoSDK_libz-11_4_3-Release
                   SDK MW+Nintendo+NEX-4_6_11-appdl
                   SDK MW+Nintendo+PIA_UNITY-0.33.0
                   SDK MW+Nintendo+PiaSession-5_37_0
                   SDK MW+Nintendo+PiaTransport-5_37_0
                   SDK MW+Nintendo+NEX_DS-4_6_11
                   SDK MW+Nintendo+NEX_R2-4_6_11
                   SDK MW+Nintendo+NEX_RK-4_6_11
                   SDK MW+Nintendo+NEX_CO-4_6_11
                   SDK MW+Nintendo+NEX_SS-4_6_11
                   SDK MW+Nintendo+NEX_UT-4_6_11
                   SDK MW+Nintendo+PiaCommon-5_37_0
                   SDK MW+Nintendo+Pia-5_37_0_58082
                   SDK MW+Nintendo+PiaFramework-5_37_0
                   SDK MW+Nintendo+PiaLan-5_37_0
                   SDK MW+Nintendo+PiaLocal-5_37_0
                   SDK MW+Nintendo+PiaNex-5_37_0-forNEX-4_6_5
                   SDK MW+Nintendo+PiaReckoning-5_37_0
                   SDK MW+Nintendo+PiaSync-5_37_0
                   SDK MW+Nintendo+NEX_MM-4_6_11
                   SDK MW+Nintendo+PiaClone-5_37_0
00:00:00.697 |I| Loader Load: Loading subsdk0...
00:00:00.717 |I| Loader PrintRoSectionInfo: subsdk0:
    Module: multimedia
    SDK Libraries: SDK MW+Nintendo+NintendoSDK_movie-11_4_3-Release
00:00:00.717 |I| Loader Load: Loading sdk...
00:00:00.755 |I| Loader PrintRoSectionInfo: sdk:
    Module: nnSdk
    FS SDK Version: 11.4.3
    SDK Libraries: SDK MW+Nintendo+NintendoSDK_libz-11_4_3-Release
                   SDK MW+Nintendo+NintendoSdk_nnSdk-11_4_3-Release
                   SDK MW+Nintendo+NintendoSDK_NVN-11_4_3-Release
00:00:00.852 |I| Ptc Initialize: Initializing Profiled Persistent Translation Cache (enabled: True).
00:00:00.852 |I| Ptc Initialize: PPTC (v7009) Profile: 1.0.0-default
00:00:01.485 |I| Ptc Load: Loaded Translation Cache (size: 127839826 bytes, translated functions: 66728).
00:00:01.498 |I| Ptc Load: Loaded Profiling Info (size: 302002 bytes, profiled functions: 66326).
00:00:01.504 |I| Application ParseCapability: Application requested cores with index range 0 to 2
00:00:01.504 |I| Loader LoadNsos: Loading image 0 at 0x0000000008500000...
00:00:01.505 |I| Loader LoadNsos: Loading image 1 at 0x0000000008504000...
00:00:01.522 |I| Loader LoadNsos: Loading image 2 at 0x000000000d2bd000...
00:00:01.523 |I| Loader LoadNsos: Loading image 3 at 0x000000000d963000...
00:00:01.526 |I| ModLoader LoadCheats: Build ids found for application 0100000011D90000:
    6F8B1226CC8CD958021D6BFD226EBF23F892AB9B000000000000000000000000
    F87FC6075104EC4D9642A4AA6BB2221600000000000000000000000000000000
    507F19D1240D09D00992248E8A0FD77EBD784EB4000000000000000000000000
    2D369D9999E3E10E665106F840FFFF9BDAA0BB8E000000000000000000000000
00:00:01.529 |I| Application EnsureSaveData: Ensuring required savedata exists.
00:00:01.545 |I| Loader Start: Application Loaded: Pokémon Brilliant Diamond v1.0.0 [0100000011d90000] [64-bit]
00:00:01.590 |I| GUI.WindowThread Hid Configure: Configured Controller ProController to Player1
00:00:01.604 |I| GUI.WindowThread Hid SetupNpad: Connected Controller ProController to Player1
00:00:01.704 |N| GUI.RenderThread Gpu PrintGpuInformation: AMD Radeon 860M Graphics (RADV KRACKAN1) (Vulkan v1.4.335, Driver v26.0.1)
00:00:01.704 |N| GUI.RenderThread Gpu PrintGpuInformation: GPU Memory: 5429 MiB
00:00:01.710 |I| GPU.MainThread Gpu LoadShaders: Loading 3281 shaders from the cache...
00:00:03.728 |I| GPU.MainThread Gpu LoadShaders: Shader cache loaded.
00:00:04.217 |W| HLE.GuestThread.46 Cpu Allocate: JIT Cache Region 0 exhausted, creating new Cache Region 1 (512 MB Total Allocation).
00:00:04.553 |I| HLE.GuestThread.46 Ptc LoadTranslations: 66119 translated functions loaded
00:00:04.567 |I| HLE.GuestThread.46 Ptc MakeAndSaveTranslations: 0 of 207 functions translated | Thread count: 15
00:00:05.167 |I| HLE.GuestThread.46 Ptc MakeAndSaveTranslations: 207 of 207 functions translated in 0.4706708 seconds | 0 functions blacklisted | Thread count: 15
00:00:05.240 |S| HLE.OsThread.47 ServiceAm GetAppletResourceUserId: Stubbed. {appletResourceUserId: 1}
00:00:05.252 |S| HLE.OsThread.47 ServiceAm AcquireForegroundRights: Stubbed. 
00:00:05.252 |S| HLE.OsThread.47 ServiceAm SetFocusHandlingMode: Stubbed. {unknownFlag1: False ; unknownFlag2: False ; unknownFlag3: True}
00:00:05.252 |S| HLE.OsThread.47 ServiceAm SetOutOfFocusSuspendingEnabled: Stubbed. {outOfFocusSuspendingEnabled: False}
00:00:05.259 |S| HLE.OsThread.47 ServicePctl Initialize: Stubbed. 
00:00:05.289 |S| HLE.OsThread.4 ServiceNv FinishInitialize: Stubbed. 
00:00:05.292 |S| HLE.OsThread.47 ServiceAm SetRestartMessageEnabled: Stubbed. {restartMessageEnabled: True}
00:00:05.292 |S| HLE.OsThread.47 ServiceAm SetPerformanceModeChangedNotification: Stubbed. {performanceModeChangedNotification: True}
00:00:05.293 |S| HLE.OsThread.47 ServiceAm SetOperationModeChangedNotification: Stubbed. {operationModeChangedNotification: True}
00:00:05.558 |S| HLE.OsThread.1 ServiceBsd RegisterClient: Stubbed. 
00:00:05.558 |S| HLE.OsThread.1 ServiceBsd StartMonitoring: Stubbed. {unknown0: 0}
00:00:05.711 |S| HLE.OsThread.47 ServiceSsl SetInterfaceVersion: Stubbed. {interfaceVersion: 3}
00:00:05.725 |S| HLE.OsThread.3 ServiceHid ActivateTouchScreen: Stubbed. {appletResourceUserId: 1}
00:00:05.726 |S| HLE.OsThread.3 ServiceHid ActiveNpadImpl: Stubbed. {appletResourceUserId: 1 ; revision: 3}
00:00:05.726 |S| HLE.OsThread.3 ServiceHid SetSupportedNpadStyleSet: Stubbed. {pid: 127 ; appletResourceUserId: 1 ; type: ProController, Handheld, JoyconPair}
00:00:05.732 |S| HLE.OsThread.3 ServiceHid SetSupportedNpadIdType: Stubbed. 9 Players: Handheld,Player1,Player2,Player3,Player4,Player5,Player6,Player7,Player8
00:00:05.743 |S| HLE.OsThread.4 ServiceNv InitializeEx: Stubbed. 
00:00:05.752 |S| HLE.OsThread.4 ServiceNv GetActiveSlotMask: Stubbed. 
00:00:05.785 |S| HLE.OsThread.4 ServiceNv SetNvMapFd: Stubbed. 
00:00:05.785 |S| HLE.OsThread.4 ServiceNv AllocGpfifoEx2: Stubbed. 
00:00:05.785 |S| HLE.OsThread.4 ServiceNv AllocObjCtx: Stubbed. 
00:00:05.786 |S| HLE.OsThread.4 ServiceNv SetErrorNotifier: Stubbed. 
00:00:05.786 |S| HLE.OsThread.4 ServiceNv SetUserData: Stubbed. 
00:00:05.786 |S| HLE.OsThread.4 ServiceNv SetTimeout: Stubbed. 
00:00:05.786 |S| HLE.OsThread.4 ServiceNv SetTimeslice: Stubbed. 
00:00:05.787 |S| HLE.OsThread.4 ServiceNv ZcullBind: Stubbed. 
00:00:05.790 |I| HLE.OsThread.47 SurfaceFlinger CreateLayerFromId: Creating layer 1
00:00:05.791 |I| HLE.OsThread.47 SurfaceFlinger CreateLayerFromId: Creating layer 2
00:00:05.831 |I| HLE.OsThread.11 AudioRenderer AcquireSessionId: Registered new output (0)
00:00:05.849 |I| HLE.OsThread.11 Audio EnsureAudioStreamSetup: New audio stream setup with a target sample count of 1024
00:00:05.993 |S| HLE.OsThread.3 ServiceHid SetSupportedNpadIdType: Stubbed. 2 Players: Player1,Handheld
00:00:05.993 |S| HLE.OsThread.3 ServiceHid SetSupportedNpadStyleSet: Stubbed. {pid: 127 ; appletResourceUserId: 1 ; type: ProController, Handheld, JoyconPair}
00:00:06.088 |I| Ptc.DiskWriter Ptc Save: Saved Translation Cache (size: 128419689 bytes, translated functions: 66935).
00:00:08.371 |S| HLE.OsThread.47 ServiceAcc InitializeApplicationInfo: Stubbed. {TitleId: 72057594337361920}
00:00:08.372 |S| HLE.OsThread.47 ServiceAcc IsUserAccountSwitchLocked: Stubbed. 
00:00:12.779 |S| HLE.OsThread.47 ServiceAm SetFocusHandlingMode: Stubbed. {unknownFlag1: False ; unknownFlag2: False ; unknownFlag3: True}
00:00:12.779 |S| HLE.OsThread.47 ServiceAm SetOutOfFocusSuspendingEnabled: Stubbed. {outOfFocusSuspendingEnabled: False}
00:00:12.790 |I| HLE.OsThread.11 AudioRenderer AcquireSessionId: Registered new output (1)
00:00:12.808 |I| HLE.OsThread.11 Audio EnsureAudioStreamSetup: New audio stream setup with a target sample count of 1024
00:00:12.841 |S| HLE.OsThread.4 ServiceNv ZbcSetTable: Stubbed. 
00:00:12.841 |S| HLE.OsThread.4 ServiceNv GetActiveSlotMask: Stubbed. 
00:00:16.258 |S| HLE.OsThread.4 ServiceNv ZbcSetTable: Stubbed. 
00:00:16.259 |S| HLE.OsThread.4 ServiceNv GetActiveSlotMask: Stubbed. 
00:00:16.619 |W| HLE.GuestThread.48 KernelSvc : WaitSynchronization(handleIndex: 0xFFFFFFFF) = TerminationRequested
00:00:16.619 |W| HLE.GuestThread.46 KernelSvc : WaitProcessWideKeyAtomic() = TerminationRequested
00:00:16.619 |W| HLE.GuestThread.49 KernelSvc : WaitProcessWideKeyAtomic() = TerminationRequested
00:00:16.619 |W| HLE.GuestThread.50 KernelSvc : WaitProcessWideKeyAtomic() = TerminationRequested
00:00:16.619 |W| HLE.GuestThread.69 KernelSvc : WaitProcessWideKeyAtomic() = TerminationRequested
00:00:16.619 |W| HLE.GuestThread.51 KernelSvc : WaitProcessWideKeyAtomic() = TerminationRequested
00:00:16.619 |W| HLE.GuestThread.70 KernelSvc : WaitProcessWideKeyAtomic() = TerminationRequested
00:00:16.619 |W| HLE.GuestThread.53 KernelSvc : WaitProcessWideKeyAtomic() = TerminationRequested
00:00:16.619 |W| HLE.GuestThread.52 KernelSvc : WaitProcessWideKeyAtomic() = TerminationRequested
00:00:16.619 |W| HLE.GuestThread.54 KernelSvc : WaitProcessWideKeyAtomic() = TerminationRequested
00:00:16.619 |W| HLE.GuestThread.74 KernelSvc : WaitSynchronization(handleIndex: 0xFFFFFFFF) = TerminationRequested
00:00:16.619 |W| HLE.GuestThread.57 KernelSvc : WaitProcessWideKeyAtomic() = TerminationRequested
00:00:16.619 |W| HLE.GuestThread.55 KernelSvc : WaitProcessWideKeyAtomic() = TerminationRequested
00:00:16.619 |W| HLE.GuestThread.58 KernelSvc : WaitProcessWideKeyAtomic() = TerminationRequested
00:00:16.619 |W| HLE.GuestThread.56 KernelSvc : WaitProcessWideKeyAtomic() = TerminationRequested
00:00:16.619 |W| HLE.GuestThread.59 KernelSvc : WaitProcessWideKeyAtomic() = TerminationRequested
00:00:16.619 |W| HLE.GuestThread.73 KernelSvc : SendSyncRequest() = TerminationRequested
00:00:16.619 |W| HLE.GuestThread.60 KernelSvc : WaitProcessWideKeyAtomic() = TerminationRequested
00:00:16.619 |W| HLE.GuestThread.61 KernelSvc : WaitProcessWideKeyAtomic() = TerminationRequested
00:00:16.619 |W| HLE.GuestThread.72 KernelSvc : WaitSynchronization(handleIndex: 0xFFFFFFFF) = TerminationRequested
00:00:16.619 |W| HLE.GuestThread.62 KernelSvc : WaitProcessWideKeyAtomic() = TerminationRequested
00:00:16.619 |W| HLE.GuestThread.63 KernelSvc : WaitProcessWideKeyAtomic() = TerminationRequested
00:00:16.619 |W| HLE.GuestThread.68 KernelSvc : WaitProcessWideKeyAtomic() = TerminationRequested
00:00:16.619 |W| HLE.GuestThread.65 KernelSvc : WaitProcessWideKeyAtomic() = TerminationRequested
00:00:16.619 |W| HLE.GuestThread.64 KernelSvc : WaitProcessWideKeyAtomic() = TerminationRequested
00:00:16.619 |W| HLE.GuestThread.66 KernelSvc : WaitProcessWideKeyAtomic() = TerminationRequested
00:00:16.619 |W| HLE.GuestThread.67 KernelSvc : WaitProcessWideKeyAtomic() = TerminationRequested
00:00:16.619 |W| HLE.GuestThread.71 KernelSvc : WaitProcessWideKeyAtomic() = TerminationRequested
00:00:16.619 |W| HLE.GuestThread.77 KernelSvc : WaitProcessWideKeyAtomic() = TerminationRequested
00:00:16.619 |W| HLE.GuestThread.78 KernelSvc : WaitProcessWideKeyAtomic() = TerminationRequested
00:00:16.619 |W| HLE.GuestThread.79 KernelSvc : WaitProcessWideKeyAtomic() = TerminationRequested
00:00:16.619 |W| HLE.GuestThread.80 KernelSvc : WaitProcessWideKeyAtomic() = TerminationRequested
00:00:16.619 |W| HLE.GuestThread.81 KernelSvc : WaitProcessWideKeyAtomic() = TerminationRequested
00:00:16.627 |E| HLE.OsThread.7 SurfaceFlinger DequeueBuffer: No available buffer slots
00:00:16.629 |E| HLE.OsThread.7 SurfaceFlinger OnTransact: Error returned by transaction DequeueBuffer: Busy
00:00:16.671 |I| HLE.OsThread.11 AudioRenderer ReleaseSessionId: Unregistered output (0)
00:00:16.719 |I| HLE.OsThread.11 AudioRenderer ReleaseSessionId: Unregistered output (1)
00:00:16.741 |W| GUI.WindowThread ServiceNv Close: Closing channel
00:00:16.809 |N| GUI.RenderThread Application ReloadConfig: Loading configuration from: /home/[redacted]/.config/Ryujinx/Config.json
