00:00:00.231 |I| Configuration LogValueChange: ResScale set to: 1
00:00:00.243 |I| Configuration LogValueChange: ResScaleCustom set to: 1
00:00:00.243 |I| Configuration LogValueChange: MaxAnisotropy set to: -1
00:00:00.244 |I| Configuration LogValueChange: AspectRatio set to: Fixed16x9
00:00:00.245 |I| Configuration LogValueChange: PreferredGpu set to: 0x1002_0x1114
00:00:00.245 |I| Configuration LogValueChange: ScalingFilterLevel set to: 80
00:00:00.246 |I| Configuration LogValueChange: CustomVSyncInterval set to: 120
00:00:00.246 |I| Configuration LogValueChange: EnableShaderCache set to: True
00:00:00.246 |I| Configuration LogValueChange: EnableMacroHLE set to: True
00:00:00.246 |I| Configuration LogValueChange: Language set to: AmericanEnglish
00:00:00.247 |I| Configuration LogValueChange: Region set to: USA
00:00:00.247 |I| Configuration LogValueChange: TimeZone set to: UTC
00:00:00.249 |I| Configuration LogValueChange: SystemTimeOffset set to: -37
00:00:00.249 |I| Configuration LogValueChange: EnableDockedMode set to: True
00:00:00.249 |I| Configuration LogValueChange: EnablePtc set to: True
00:00:00.251 |I| Configuration LogValueChange: TickScalar set to: 50
00:00:00.251 |I| Configuration LogValueChange: EnableFsIntegrityChecks set to: True
00:00:00.252 |I| Configuration LogValueChange: AudioBackend set to: SDL2
00:00:00.252 |I| Configuration LogValueChange: AudioVolume set to: 1
00:00:00.253 |I| Configuration LogValueChange: MemoryManagerMode set to: HostMappedUnsafe
00:00:00.253 |I| Configuration LogValueChange: UseHypervisor set to: True
00:00:00.255 |I| Configuration LogValueChange: LdnPassphrase set to: 
00:00:00.255 |I| Configuration LogValueChange: LdnServer set to: 
00:00:00.256 |I| Configuration LogValueChange: GdbStubPort set to: 55555
00:00:00.265 |W| Application GetActualScaleFactor: Couldn't determine monitor DPI: Wayland not yet supported
00:00:00.265 |N| Application PrintSystemInfo:    ___                 __    _              
00:00:00.265 |N| Application PrintSystemInfo:   / _ \  __ __ __ __  / /   (_)  ___   ___ _
00:00:00.265 |N| Application PrintSystemInfo:  / , _/ / // // // / / _ \ / /  / _ \ / _ `/
00:00:00.265 |N| Application PrintSystemInfo: /_/|_|  \_, / \_,_/ /_.__//_/  /_//_/ \_, / 
00:00:00.265 |N| Application PrintSystemInfo:        /___/                         /___/  
00:00:00.265 |N| Application PrintSystemInfo: Ryujinx Version: 1.3.3
00:00:00.265 |N| Application PrintSystemInfo: .NET Runtime: .NET 9.0.9
00:00:00.276 |N| Application PrintSystemInfo: Operating System: Arch Linux (X64)
00:00:00.276 |N| Application PrintSystemInfo: CPU: AMD Ryzen AI 7 350 w/ Radeon 860M ; 16 logical
00:00:00.279 |N| Application PrintSystemInfo: RAM: Total 14.9 GiB ; Available 11.6 GiB
00:00:00.282 |N| Application PrintSystemInfo: Logs Enabled: Info, Warning, Error, Guest, Stub
00:00:00.282 |N| Application PrintSystemInfo: Launch Mode: UserProfile
00:00:00.512 |E| .NET TP Worker ATTENTION: default value of option mesa_glthread overridden by environment.
00:00:00.555 |E| .NET TP Worker ATTENTION: default value of option mesa_glthread overridden by environment.
00:00:00.556 |E| .NET TP Worker ATTENTION: default value of option mesa_glthread overridden by environment.
00:00:05.210 |I| Application QueryLatestAsync: Checking for updates from: https://update.ryujinx.app/latest/query?os=linux&arch=amd64&rc=stable
00:00:06.031 |I| Application BeginUpdateAsync: Up to date.
00:00:00.065 |I| Gpu : Backend Threading (Auto): True
00:00:00.218 |N| Application LoadGuestApplication: Using Firmware Version: 19.0.1
00:00:00.218 |N| Application LoadGuestApplication: Loading content archive from '/home/[redacted]/Downloads/Games/Pokemon Brilliant Diamond [0100000011D90000][v0].nsp'.
00:00:00.218 |I| Application LoadGuestApplication: Loading as NSP.
00:00:00.235 |I| ModLoader QueryContentsDir: Searching mods for Application 0100000011D90000 in "/home/[redacted]/.config/Ryujinx/mods/contents"
00:00:00.236 |I| ModLoader QueryContentsDir: Searching mods for Application 0100000011D90000 in "/home/[redacted]/.config/Ryujinx/sdcard/atmosphere/contents"
00:00:00.238 |I| Loader Load: Loading rtld...
00:00:00.249 |I| Loader PrintRoSectionInfo: rtld:
    Module: nnrtld
00:00:00.249 |I| Loader Load: Loading main...
00:00:00.577 |I| Loader PrintRoSectionInfo: main:
    Module: F:\JenkinsWorkSpace\workspace\BuildRom_Launch\unity_project\Dpr\SwitchIL2CPPCache\il2cpp_cache\linkresult_22F671898E59E8B9B3F93C78532B1E40\SwitchPlayer.nss
    SDK Libraries: SDK MW+UnityTechnologies+Unity-2019_4_27_f1
                   SDK MW+Nintendo+NintendoSDK_libcurl-11_4_3-Release
                   SDK MW+Nintendo+NintendoSDK_libz-11_4_3-Release
                   SDK MW+Nintendo+NEX-4_6_11-appdl
                   SDK MW+Nintendo+PIA_UNITY-0.33.0
                   SDK MW+Nintendo+PiaSession-5_37_0
                   SDK MW+Nintendo+PiaTransport-5_37_0
                   SDK MW+Nintendo+NEX_DS-4_6_11
                   SDK MW+Nintendo+NEX_R2-4_6_11
                   SDK MW+Nintendo+NEX_RK-4_6_11
                   SDK MW+Nintendo+NEX_CO-4_6_11
                   SDK MW+Nintendo+NEX_SS-4_6_11
                   SDK MW+Nintendo+NEX_UT-4_6_11
                   SDK MW+Nintendo+PiaCommon-5_37_0
                   SDK MW+Nintendo+Pia-5_37_0_58082
                   SDK MW+Nintendo+PiaFramework-5_37_0
                   SDK MW+Nintendo+PiaLan-5_37_0
                   SDK MW+Nintendo+PiaLocal-5_37_0
                   SDK MW+Nintendo+PiaNex-5_37_0-forNEX-4_6_5
                   SDK MW+Nintendo+PiaReckoning-5_37_0
                   SDK MW+Nintendo+PiaSync-5_37_0
                   SDK MW+Nintendo+NEX_MM-4_6_11
                   SDK MW+Nintendo+PiaClone-5_37_0
00:00:00.578 |I| Loader Load: Loading subsdk0...
00:00:00.601 |I| Loader PrintRoSectionInfo: subsdk0:
    Module: multimedia
    SDK Libraries: SDK MW+Nintendo+NintendoSDK_movie-11_4_3-Release
00:00:00.601 |I| Loader Load: Loading sdk...
00:00:00.645 |I| Loader PrintRoSectionInfo: sdk:
    Module: nnSdk
    FS SDK Version: 11.4.3
    SDK Libraries: SDK MW+Nintendo+NintendoSDK_libz-11_4_3-Release
                   SDK MW+Nintendo+NintendoSdk_nnSdk-11_4_3-Release
                   SDK MW+Nintendo+NintendoSDK_NVN-11_4_3-Release
00:00:00.728 |I| Ptc Initialize: Initializing Profiled Persistent Translation Cache (enabled: True).
00:00:00.728 |I| Ptc Initialize: PPTC (v7009) Profile: 1.0.0-default
00:00:01.370 |I| Ptc Load: Loaded Translation Cache (size: 127010622 bytes, translated functions: 66411).
00:00:01.383 |I| Ptc Load: Loaded Profiling Info (size: 301109 bytes, profiled functions: 66131).
00:00:01.385 |I| Application ParseCapability: Application requested cores with index range 0 to 2
00:00:01.386 |I| Loader LoadNsos: Loading image 0 at 0x0000000008500000...
00:00:01.387 |I| Loader LoadNsos: Loading image 1 at 0x0000000008504000...
00:00:01.404 |I| Loader LoadNsos: Loading image 2 at 0x000000000d2bd000...
00:00:01.405 |I| Loader LoadNsos: Loading image 3 at 0x000000000d963000...
00:00:01.408 |I| ModLoader LoadCheats: Build ids found for application 0100000011D90000:
    6F8B1226CC8CD958021D6BFD226EBF23F892AB9B000000000000000000000000
    F87FC6075104EC4D9642A4AA6BB2221600000000000000000000000000000000
    507F19D1240D09D00992248E8A0FD77EBD784EB4000000000000000000000000
    2D369D9999E3E10E665106F840FFFF9BDAA0BB8E000000000000000000000000
00:00:01.411 |I| Application EnsureSaveData: Ensuring required savedata exists.
00:00:01.428 |I| Loader Start: Application Loaded: Pokémon Brilliant Diamond v1.0.0 [0100000011d90000] [64-bit]
00:00:01.465 |I| GUI.WindowThread Hid Configure: Configured Controller ProController to Player1
00:00:01.472 |I| GUI.WindowThread Hid SetupNpad: Connected Controller ProController to Player1
00:00:01.552 |N| GUI.RenderThread Gpu PrintGpuInformation: AMD Radeon 860M Graphics (RADV KRACKAN1) (Vulkan v1.4.335, Driver v26.0.1)
00:00:01.552 |N| GUI.RenderThread Gpu PrintGpuInformation: GPU Memory: 5429 MiB
00:00:01.559 |I| GPU.MainThread Gpu LoadShaders: Loading 3269 shaders from the cache...
00:00:03.269 |I| GPU.MainThread Gpu LoadShaders: Shader cache loaded.
00:00:03.859 |W| HLE.GuestThread.46 Cpu Allocate: JIT Cache Region 0 exhausted, creating new Cache Region 1 (512 MB Total Allocation).
00:00:04.192 |I| HLE.GuestThread.46 Ptc LoadTranslations: 65814 translated functions loaded
00:00:04.207 |I| HLE.GuestThread.46 Ptc MakeAndSaveTranslations: 0 of 317 functions translated | Thread count: 15
00:00:04.762 |I| HLE.GuestThread.46 Ptc MakeAndSaveTranslations: 317 of 317 functions translated in 0.4293425 seconds | 0 functions blacklisted | Thread count: 15
00:00:04.814 |S| HLE.OsThread.47 ServiceAm GetAppletResourceUserId: Stubbed. {appletResourceUserId: 1}
00:00:04.819 |S| HLE.OsThread.47 ServiceAm AcquireForegroundRights: Stubbed. 
00:00:04.819 |S| HLE.OsThread.47 ServiceAm SetFocusHandlingMode: Stubbed. {unknownFlag1: False ; unknownFlag2: False ; unknownFlag3: True}
00:00:04.819 |S| HLE.OsThread.47 ServiceAm SetOutOfFocusSuspendingEnabled: Stubbed. {outOfFocusSuspendingEnabled: False}
00:00:04.824 |S| HLE.OsThread.47 ServicePctl Initialize: Stubbed. 
00:00:04.847 |S| HLE.OsThread.4 ServiceNv FinishInitialize: Stubbed. 
00:00:04.849 |S| HLE.OsThread.47 ServiceAm SetRestartMessageEnabled: Stubbed. {restartMessageEnabled: True}
00:00:04.850 |S| HLE.OsThread.47 ServiceAm SetPerformanceModeChangedNotification: Stubbed. {performanceModeChangedNotification: True}
00:00:04.850 |S| HLE.OsThread.47 ServiceAm SetOperationModeChangedNotification: Stubbed. {operationModeChangedNotification: True}
00:00:05.100 |S| HLE.OsThread.1 ServiceBsd RegisterClient: Stubbed. 
00:00:05.101 |S| HLE.OsThread.1 ServiceBsd StartMonitoring: Stubbed. {unknown0: 0}
00:00:05.241 |S| HLE.OsThread.47 ServiceSsl SetInterfaceVersion: Stubbed. {interfaceVersion: 3}
00:00:05.248 |S| HLE.OsThread.3 ServiceHid ActivateTouchScreen: Stubbed. {appletResourceUserId: 1}
00:00:05.249 |S| HLE.OsThread.3 ServiceHid ActiveNpadImpl: Stubbed. {appletResourceUserId: 1 ; revision: 3}
00:00:05.250 |S| HLE.OsThread.3 ServiceHid SetSupportedNpadStyleSet: Stubbed. {pid: 127 ; appletResourceUserId: 1 ; type: ProController, Handheld, JoyconPair}
00:00:05.254 |S| HLE.OsThread.3 ServiceHid SetSupportedNpadIdType: Stubbed. 9 Players: Handheld,Player1,Player2,Player3,Player4,Player5,Player6,Player7,Player8
00:00:05.262 |S| HLE.OsThread.4 ServiceNv InitializeEx: Stubbed. 
00:00:05.271 |S| HLE.OsThread.4 ServiceNv GetActiveSlotMask: Stubbed. 
00:00:05.303 |S| HLE.OsThread.4 ServiceNv SetNvMapFd: Stubbed. 
00:00:05.303 |S| HLE.OsThread.4 ServiceNv AllocGpfifoEx2: Stubbed. 
00:00:05.304 |S| HLE.OsThread.4 ServiceNv AllocObjCtx: Stubbed. 
00:00:05.304 |S| HLE.OsThread.4 ServiceNv SetErrorNotifier: Stubbed. 
00:00:05.305 |S| HLE.OsThread.4 ServiceNv SetUserData: Stubbed. 
00:00:05.305 |S| HLE.OsThread.4 ServiceNv SetTimeout: Stubbed. 
00:00:05.305 |S| HLE.OsThread.4 ServiceNv SetTimeslice: Stubbed. 
00:00:05.306 |S| HLE.OsThread.4 ServiceNv ZcullBind: Stubbed. 
00:00:05.309 |I| HLE.OsThread.47 SurfaceFlinger CreateLayerFromId: Creating layer 1
00:00:05.310 |I| HLE.OsThread.47 SurfaceFlinger CreateLayerFromId: Creating layer 2
00:00:05.339 |I| HLE.OsThread.11 AudioRenderer AcquireSessionId: Registered new output (0)
00:00:05.355 |I| HLE.OsThread.11 Audio EnsureAudioStreamSetup: New audio stream setup with a target sample count of 1024
00:00:05.508 |S| HLE.OsThread.3 ServiceHid SetSupportedNpadIdType: Stubbed. 2 Players: Player1,Handheld
00:00:05.508 |S| HLE.OsThread.3 ServiceHid SetSupportedNpadStyleSet: Stubbed. {pid: 127 ; appletResourceUserId: 1 ; type: ProController, Handheld, JoyconPair}
00:00:05.642 |I| Ptc.DiskWriter Ptc Save: Saved Translation Cache (size: 127839826 bytes, translated functions: 66728).
00:00:07.898 |S| HLE.OsThread.47 ServiceAcc InitializeApplicationInfo: Stubbed. {TitleId: 72057594337361920}
00:00:07.899 |S| HLE.OsThread.47 ServiceAcc IsUserAccountSwitchLocked: Stubbed. 
00:00:12.244 |S| HLE.OsThread.47 ServiceAm SetFocusHandlingMode: Stubbed. {unknownFlag1: False ; unknownFlag2: False ; unknownFlag3: True}
00:00:12.244 |S| HLE.OsThread.47 ServiceAm SetOutOfFocusSuspendingEnabled: Stubbed. {outOfFocusSuspendingEnabled: False}
00:00:12.255 |I| HLE.OsThread.11 AudioRenderer AcquireSessionId: Registered new output (1)
00:00:12.266 |I| HLE.OsThread.11 Audio EnsureAudioStreamSetup: New audio stream setup with a target sample count of 1024
00:00:12.371 |S| HLE.OsThread.4 ServiceNv ZbcSetTable: Stubbed. 
00:00:12.371 |S| HLE.OsThread.4 ServiceNv GetActiveSlotMask: Stubbed. 
00:00:15.547 |S| HLE.OsThread.4 ServiceNv ZbcSetTable: Stubbed. 
00:00:15.548 |S| HLE.OsThread.4 ServiceNv GetActiveSlotMask: Stubbed. 
00:00:21.752 |S| HLE.OsThread.3 ServiceHid StartSixAxisSensor: Stubbed. {appletResourceUserId: 1 ; sixAxisSensorHandle: 131075}
00:00:25.686 |S| HLE.OsThread.4 ServiceNv ZbcSetTable: Stubbed. 
00:00:25.686 |S| HLE.OsThread.4 ServiceNv GetActiveSlotMask: Stubbed. 
00:00:28.188 |S| HLE.OsThread.4 ServiceNv ZbcSetTable: Stubbed. 
00:00:28.188 |S| HLE.OsThread.4 ServiceNv GetActiveSlotMask: Stubbed. 
00:00:28.398 |S| HLE.OsThread.4 ServiceNv ZbcSetTable: Stubbed. 
00:00:28.398 |S| HLE.OsThread.4 ServiceNv GetActiveSlotMask: Stubbed. 
00:00:34.772 |I| Ptc.DiskWriter Ptc Save: Saved Profiling Info (size: 301210 bytes, profiled functions: 66152).
00:00:45.358 |S| HLE.OsThread.47 ServiceAm LockExit: Stubbed. 
00:00:45.367 |S| HLE.OsThread.4 ServiceNv ZbcSetTable: Stubbed. 
00:00:45.367 |S| HLE.OsThread.4 ServiceNv GetActiveSlotMask: Stubbed. 
00:00:45.563 |S| HLE.OsThread.47 ServiceAm UnlockExit: Stubbed. 
00:01:04.767 |I| Ptc.DiskWriter Ptc Save: Saved Profiling Info (size: 301288 bytes, profiled functions: 66169).
00:01:34.768 |I| Ptc.DiskWriter Ptc Save: Saved Profiling Info (size: 301292 bytes, profiled functions: 66170).
00:03:53.586 |S| HLE.OsThread.4 ServiceNv ZbcSetTable: Stubbed. 
00:03:53.586 |S| HLE.OsThread.4 ServiceNv GetActiveSlotMask: Stubbed. 
00:03:53.593 |S| HLE.OsThread.4 ServiceNv ZbcSetTable: Stubbed. 
00:03:53.593 |S| HLE.OsThread.4 ServiceNv GetActiveSlotMask: Stubbed. 
00:04:04.768 |I| Ptc.DiskWriter Ptc Save: Saved Profiling Info (size: 301301 bytes, profiled functions: 66171).
00:04:34.769 |I| Ptc.DiskWriter Ptc Save: Saved Profiling Info (size: 301512 bytes, profiled functions: 66221).
00:05:04.766 |I| Ptc.DiskWriter Ptc Save: Saved Profiling Info (size: 301582 bytes, profiled functions: 66239).
00:06:04.766 |I| Ptc.DiskWriter Ptc Save: Saved Profiling Info (size: 301599 bytes, profiled functions: 66243).
00:06:34.768 |I| Ptc.DiskWriter Ptc Save: Saved Profiling Info (size: 301605 bytes, profiled functions: 66244).
00:07:04.767 |I| Ptc.DiskWriter Ptc Save: Saved Profiling Info (size: 301623 bytes, profiled functions: 66245).
00:08:34.768 |I| Ptc.DiskWriter Ptc Save: Saved Profiling Info (size: 301644 bytes, profiled functions: 66250).
00:09:34.766 |I| Ptc.DiskWriter Ptc Save: Saved Profiling Info (size: 301663 bytes, profiled functions: 66254).
00:10:04.766 |I| Ptc.DiskWriter Ptc Save: Saved Profiling Info (size: 301671 bytes, profiled functions: 66256).
00:11:04.774 |I| Ptc.DiskWriter Ptc Save: Saved Profiling Info (size: 301672 bytes, profiled functions: 66256).
00:11:34.769 |I| Ptc.DiskWriter Ptc Save: Saved Profiling Info (size: 301676 bytes, profiled functions: 66257).
00:12:04.768 |I| Ptc.DiskWriter Ptc Save: Saved Profiling Info (size: 301680 bytes, profiled functions: 66258).
00:13:44.110 |S| HLE.OsThread.47 ServiceAm LockExit: Stubbed. 
00:13:44.258 |S| HLE.OsThread.47 ServiceAm UnlockExit: Stubbed. 
00:14:04.766 |I| Ptc.DiskWriter Ptc Save: Saved Profiling Info (size: 301714 bytes, profiled functions: 66265).
00:14:15.988 |S| HLE.OsThread.47 ServiceAm LockExit: Stubbed. 
00:14:16.211 |S| HLE.OsThread.47 ServiceAm UnlockExit: Stubbed. 
00:14:34.768 |I| Ptc.DiskWriter Ptc Save: Saved Profiling Info (size: 301719 bytes, profiled functions: 66266).
00:14:39.999 |S| HLE.OsThread.47 ServiceAm LockExit: Stubbed. 
00:14:40.171 |S| HLE.OsThread.47 ServiceAm UnlockExit: Stubbed. 
00:15:30.588 |S| HLE.OsThread.47 ServiceAm LockExit: Stubbed. 
00:15:30.819 |S| HLE.OsThread.47 ServiceAm UnlockExit: Stubbed. 
00:16:04.770 |I| Ptc.DiskWriter Ptc Save: Saved Profiling Info (size: 301723 bytes, profiled functions: 66267).
00:16:34.766 |I| Ptc.DiskWriter Ptc Save: Saved Profiling Info (size: 301737 bytes, profiled functions: 66270).
00:18:04.768 |I| Ptc.DiskWriter Ptc Save: Saved Profiling Info (size: 301746 bytes, profiled functions: 66272).
00:18:34.766 |I| Ptc.DiskWriter Ptc Save: Saved Profiling Info (size: 301751 bytes, profiled functions: 66273).
00:19:04.768 |I| Ptc.DiskWriter Ptc Save: Saved Profiling Info (size: 301762 bytes, profiled functions: 66275).
00:19:30.898 |I| .NET TP Worker ServiceNifm LocalInterfaceCacheHandler: NetworkAddress changed, invalidating cached data.
00:19:34.768 |I| Ptc.DiskWriter Ptc Save: Saved Profiling Info (size: 301771 bytes, profiled functions: 66277).
00:20:04.767 |I| Ptc.DiskWriter Ptc Save: Saved Profiling Info (size: 301777 bytes, profiled functions: 66277).
00:22:34.766 |I| Ptc.DiskWriter Ptc Save: Saved Profiling Info (size: 301791 bytes, profiled functions: 66280).
00:23:04.767 |I| Ptc.DiskWriter Ptc Save: Saved Profiling Info (size: 301812 bytes, profiled functions: 66284).
00:23:12.235 |S| HLE.OsThread.47 ServiceAm LockExit: Stubbed. 
00:23:12.403 |S| HLE.OsThread.47 ServiceAm UnlockExit: Stubbed. 
00:23:34.767 |I| Ptc.DiskWriter Ptc Save: Saved Profiling Info (size: 301816 bytes, profiled functions: 66285).
00:23:40.721 |I| .NET TP Worker ServiceNifm LocalInterfaceCacheHandler: NetworkAddress changed, invalidating cached data.
00:23:47.809 |I| .NET TP Worker ServiceNifm LocalInterfaceCacheHandler: NetworkAddress changed, invalidating cached data.
00:24:04.765 |I| Ptc.DiskWriter Ptc Save: Saved Profiling Info (size: 301824 bytes, profiled functions: 66287).
00:24:10.631 |S| HLE.OsThread.47 ServiceAm LockExit: Stubbed. 
00:24:10.846 |S| HLE.OsThread.47 ServiceAm UnlockExit: Stubbed. 
00:24:34.768 |I| Ptc.DiskWriter Ptc Save: Saved Profiling Info (size: 301826 bytes, profiled functions: 66288).
00:26:04.774 |I| Ptc.DiskWriter Ptc Save: Saved Profiling Info (size: 301828 bytes, profiled functions: 66288).
00:26:34.768 |I| Ptc.DiskWriter Ptc Save: Saved Profiling Info (size: 301839 bytes, profiled functions: 66290).
00:27:04.768 |I| Ptc.DiskWriter Ptc Save: Saved Profiling Info (size: 301920 bytes, profiled functions: 66308).
00:27:13.011 |I| .NET TP Worker ServiceNifm LocalInterfaceCacheHandler: NetworkAddress changed, invalidating cached data.
00:27:22.978 |I| .NET TP Worker ServiceNifm LocalInterfaceCacheHandler: NetworkAddress changed, invalidating cached data.
00:27:34.767 |I| Ptc.DiskWriter Ptc Save: Saved Profiling Info (size: 301935 bytes, profiled functions: 66311).
00:29:04.768 |I| Ptc.DiskWriter Ptc Save: Saved Profiling Info (size: 301962 bytes, profiled functions: 66316).
00:29:34.767 |I| Ptc.DiskWriter Ptc Save: Saved Profiling Info (size: 301975 bytes, profiled functions: 66319).
00:37:34.768 |I| Ptc.DiskWriter Ptc Save: Saved Profiling Info (size: 301992 bytes, profiled functions: 66323).
00:38:04.768 |I| Ptc.DiskWriter Ptc Save: Saved Profiling Info (size: 302001 bytes, profiled functions: 66325).
00:39:04.767 |I| Ptc.DiskWriter Ptc Save: Saved Profiling Info (size: 301997 bytes, profiled functions: 66325).
00:41:57.062 |S| HLE.OsThread.47 ServiceAm LockExit: Stubbed. 
00:41:57.072 |S| HLE.OsThread.47 ServiceAm UnlockExit: Stubbed. 
00:42:00.187 |I| .NET TP Worker ServiceNifm LocalInterfaceCacheHandler: NetworkAddress changed, invalidating cached data.
00:42:08.464 |I| Ptc.DiskWriter Ptc Save: Saved Profiling Info (size: 302002 bytes, profiled functions: 66326).
00:42:13.217 |I| .NET TP Worker ServiceNifm LocalInterfaceCacheHandler: NetworkAddress changed, invalidating cached data.
00:42:28.748 |W| HLE.GuestThread.46 KernelSvc : WaitProcessWideKeyAtomic() = TerminationRequested
00:42:28.748 |W| HLE.GuestThread.49 KernelSvc : WaitProcessWideKeyAtomic() = TerminationRequested
00:42:28.748 |W| HLE.GuestThread.48 KernelSvc : WaitSynchronization(handleIndex: 0xFFFFFFFF) = TerminationRequested
00:42:28.748 |W| HLE.GuestThread.71 KernelSvc : WaitProcessWideKeyAtomic() = TerminationRequested
00:42:28.748 |W| HLE.GuestThread.72 KernelSvc : WaitSynchronization(handleIndex: 0xFFFFFFFF) = TerminationRequested
00:42:28.748 |W| HLE.GuestThread.52 KernelSvc : WaitProcessWideKeyAtomic() = TerminationRequested
00:42:28.748 |W| HLE.GuestThread.50 KernelSvc : WaitProcessWideKeyAtomic() = TerminationRequested
00:42:28.748 |W| HLE.GuestThread.97 KernelSvc : WaitProcessWideKeyAtomic() = TerminationRequested
00:42:28.748 |W| HLE.GuestThread.53 KernelSvc : WaitProcessWideKeyAtomic() = TerminationRequested
00:42:28.748 |W| HLE.GuestThread.51 KernelSvc : WaitProcessWideKeyAtomic() = TerminationRequested
00:42:28.748 |W| HLE.GuestThread.73 KernelSvc : SendSyncRequest() = TerminationRequested
00:42:28.748 |W| HLE.GuestThread.76 KernelSvc : WaitProcessWideKeyAtomic() = TerminationRequested
00:42:28.748 |W| HLE.GuestThread.54 KernelSvc : WaitProcessWideKeyAtomic() = TerminationRequested
00:42:28.748 |W| HLE.GuestThread.77 KernelSvc : WaitProcessWideKeyAtomic() = TerminationRequested
00:42:28.748 |W| HLE.GuestThread.55 KernelSvc : WaitProcessWideKeyAtomic() = TerminationRequested
00:42:28.749 |W| HLE.GuestThread.56 KernelSvc : WaitProcessWideKeyAtomic() = TerminationRequested
00:42:28.749 |W| HLE.GuestThread.70 KernelSvc : WaitProcessWideKeyAtomic() = TerminationRequested
00:42:28.749 |W| HLE.GuestThread.78 KernelSvc : WaitProcessWideKeyAtomic() = TerminationRequested
00:42:28.749 |W| HLE.GuestThread.57 KernelSvc : WaitProcessWideKeyAtomic() = TerminationRequested
00:42:28.749 |W| HLE.GuestThread.69 KernelSvc : WaitProcessWideKeyAtomic() = TerminationRequested
00:42:28.749 |W| HLE.GuestThread.79 KernelSvc : WaitProcessWideKeyAtomic() = TerminationRequested
00:42:28.749 |W| HLE.GuestThread.68 KernelSvc : WaitProcessWideKeyAtomic() = TerminationRequested
00:42:28.749 |W| HLE.GuestThread.80 KernelSvc : WaitProcessWideKeyAtomic() = TerminationRequested
00:42:28.749 |W| HLE.GuestThread.67 KernelSvc : WaitProcessWideKeyAtomic() = TerminationRequested
00:42:28.749 |W| HLE.GuestThread.81 KernelSvc : WaitProcessWideKeyAtomic() = TerminationRequested
00:42:28.749 |W| HLE.GuestThread.65 KernelSvc : WaitProcessWideKeyAtomic() = TerminationRequested
00:42:28.749 |W| HLE.GuestThread.66 KernelSvc : WaitProcessWideKeyAtomic() = TerminationRequested
00:42:28.749 |W| HLE.GuestThread.64 KernelSvc : WaitProcessWideKeyAtomic() = TerminationRequested
00:42:28.749 |W| HLE.GuestThread.58 KernelSvc : WaitProcessWideKeyAtomic() = TerminationRequested
00:42:28.749 |W| HLE.GuestThread.63 KernelSvc : WaitProcessWideKeyAtomic() = TerminationRequested
00:42:28.749 |W| HLE.GuestThread.62 KernelSvc : WaitProcessWideKeyAtomic() = TerminationRequested
00:42:28.749 |W| HLE.GuestThread.59 KernelSvc : WaitProcessWideKeyAtomic() = TerminationRequested
00:42:28.749 |W| HLE.GuestThread.61 KernelSvc : WaitProcessWideKeyAtomic() = TerminationRequested
00:42:28.749 |W| HLE.GuestThread.60 KernelSvc : WaitProcessWideKeyAtomic() = TerminationRequested
00:42:28.749 |W| HLE.GuestThread.74 KernelSvc : WaitSynchronization(handleIndex: 0xFFFFFFFF) = TerminationRequested
00:42:28.752 |E| HLE.OsThread.7 SurfaceFlinger DequeueBuffer: No available buffer slots
00:42:28.754 |E| HLE.OsThread.7 SurfaceFlinger OnTransact: Error returned by transaction DequeueBuffer: Busy
00:42:28.798 |I| HLE.OsThread.11 AudioRenderer ReleaseSessionId: Unregistered output (0)
00:42:28.845 |I| HLE.OsThread.11 AudioRenderer ReleaseSessionId: Unregistered output (1)
00:42:28.869 |W| GUI.WindowThread ServiceNv Close: Closing channel
00:42:29.117 |N| GUI.RenderThread Application ReloadConfig: Loading configuration from: /home/[redacted]/.config/Ryujinx/Config.json
