00:00:00.234 |I| Configuration LogValueChange: ResScale set to: 1
00:00:00.247 |I| Configuration LogValueChange: ResScaleCustom set to: 1
00:00:00.247 |I| Configuration LogValueChange: MaxAnisotropy set to: -1
00:00:00.248 |I| Configuration LogValueChange: AspectRatio set to: Fixed16x9
00:00:00.249 |I| Configuration LogValueChange: PreferredGpu set to: 0x1002_0x1114
00:00:00.249 |I| Configuration LogValueChange: ScalingFilterLevel set to: 80
00:00:00.249 |I| Configuration LogValueChange: CustomVSyncInterval set to: 120
00:00:00.249 |I| Configuration LogValueChange: EnableShaderCache set to: True
00:00:00.249 |I| Configuration LogValueChange: EnableMacroHLE set to: True
00:00:00.250 |I| Configuration LogValueChange: Language set to: AmericanEnglish
00:00:00.250 |I| Configuration LogValueChange: Region set to: USA
00:00:00.250 |I| Configuration LogValueChange: TimeZone set to: UTC
00:00:00.253 |I| Configuration LogValueChange: SystemTimeOffset set to: -37
00:00:00.253 |I| Configuration LogValueChange: EnableDockedMode set to: True
00:00:00.253 |I| Configuration LogValueChange: EnablePtc set to: True
00:00:00.255 |I| Configuration LogValueChange: TickScalar set to: 50
00:00:00.255 |I| Configuration LogValueChange: EnableFsIntegrityChecks set to: True
00:00:00.256 |I| Configuration LogValueChange: AudioBackend set to: SDL2
00:00:00.256 |I| Configuration LogValueChange: AudioVolume set to: 1
00:00:00.257 |I| Configuration LogValueChange: MemoryManagerMode set to: HostMappedUnsafe
00:00:00.257 |I| Configuration LogValueChange: UseHypervisor set to: True
00:00:00.259 |I| Configuration LogValueChange: LdnPassphrase set to: 
00:00:00.259 |I| Configuration LogValueChange: LdnServer set to: 
00:00:00.259 |I| Configuration LogValueChange: GdbStubPort set to: 55555
00:00:00.268 |W| Application GetActualScaleFactor: Couldn't determine monitor DPI: Wayland not yet supported
00:00:00.269 |N| Application PrintSystemInfo:    ___                 __    _              
00:00:00.269 |N| Application PrintSystemInfo:   / _ \  __ __ __ __  / /   (_)  ___   ___ _
00:00:00.269 |N| Application PrintSystemInfo:  / , _/ / // // // / / _ \ / /  / _ \ / _ `/
00:00:00.269 |N| Application PrintSystemInfo: /_/|_|  \_, / \_,_/ /_.__//_/  /_//_/ \_, / 
00:00:00.269 |N| Application PrintSystemInfo:        /___/                         /___/  
00:00:00.269 |N| Application PrintSystemInfo: Ryujinx Version: 1.3.3
00:00:00.269 |N| Application PrintSystemInfo: .NET Runtime: .NET 9.0.9
00:00:00.279 |N| Application PrintSystemInfo: Operating System: Arch Linux (X64)
00:00:00.279 |N| Application PrintSystemInfo: CPU: AMD Ryzen AI 7 350 w/ Radeon 860M ; 16 logical
00:00:00.282 |N| Application PrintSystemInfo: RAM: Total 14.9 GiB ; Available 12.5 GiB
00:00:00.285 |N| Application PrintSystemInfo: Logs Enabled: Info, Warning, Error, Guest, Stub
00:00:00.286 |N| Application PrintSystemInfo: Launch Mode: UserProfile
00:00:00.534 |E| .NET TP Worker ATTENTION: default value of option mesa_glthread overridden by environment.
00:00:00.582 |E| .NET TP Worker ATTENTION: default value of option mesa_glthread overridden by environment.
00:00:00.584 |E| .NET TP Worker ATTENTION: default value of option mesa_glthread overridden by environment.
00:00:04.124 |I| Application QueryLatestAsync: Checking for updates from: https://update.ryujinx.app/latest/query?os=linux&arch=amd64&rc=stable
00:00:04.272 |E| .NET TP Worker ATTENTION: default value of option mesa_glthread overridden by environment.
00:00:05.169 |I| Application BeginUpdateAsync: Up to date.
