00:00:00.167 |I| Configuration LogValueChange: ResScale set to: 1
00:00:00.176 |I| Configuration LogValueChange: ResScaleCustom set to: 1
00:00:00.176 |I| Configuration LogValueChange: MaxAnisotropy set to: -1
00:00:00.177 |I| Configuration LogValueChange: AspectRatio set to: Fixed16x9
00:00:00.177 |I| Configuration LogValueChange: PreferredGpu set to: 0x1002_0x1114
00:00:00.178 |I| Configuration LogValueChange: ScalingFilterLevel set to: 80
00:00:00.178 |I| Configuration LogValueChange: CustomVSyncInterval set to: 120
00:00:00.178 |I| Configuration LogValueChange: EnableShaderCache set to: True
00:00:00.178 |I| Configuration LogValueChange: EnableMacroHLE set to: True
00:00:00.178 |I| Configuration LogValueChange: Language set to: AmericanEnglish
00:00:00.179 |I| Configuration LogValueChange: Region set to: USA
00:00:00.179 |I| Configuration LogValueChange: TimeZone set to: UTC
00:00:00.180 |I| Configuration LogValueChange: SystemTimeOffset set to: -37
00:00:00.180 |I| Configuration LogValueChange: EnableDockedMode set to: True
00:00:00.181 |I| Configuration LogValueChange: EnablePtc set to: True
00:00:00.183 |I| Configuration LogValueChange: TickScalar set to: 50
00:00:00.183 |I| Configuration LogValueChange: EnableFsIntegrityChecks set to: True
00:00:00.184 |I| Configuration LogValueChange: AudioBackend set to: SDL2
00:00:00.184 |I| Configuration LogValueChange: AudioVolume set to: 1
00:00:00.186 |I| Configuration LogValueChange: MemoryManagerMode set to: HostMappedUnsafe
00:00:00.186 |I| Configuration LogValueChange: UseHypervisor set to: True
00:00:00.189 |I| Configuration LogValueChange: LdnPassphrase set to: 
00:00:00.189 |I| Configuration LogValueChange: LdnServer set to: 
00:00:00.189 |I| Configuration LogValueChange: GdbStubPort set to: 55555
00:00:00.197 |W| Application GetActualScaleFactor: Couldn't determine monitor DPI: Wayland not yet supported
00:00:00.197 |N| Application PrintSystemInfo:    ___                 __    _              
00:00:00.197 |N| Application PrintSystemInfo:   / _ \  __ __ __ __  / /   (_)  ___   ___ _
00:00:00.197 |N| Application PrintSystemInfo:  / , _/ / // // // / / _ \ / /  / _ \ / _ `/
00:00:00.197 |N| Application PrintSystemInfo: /_/|_|  \_, / \_,_/ /_.__//_/  /_//_/ \_, / 
00:00:00.197 |N| Application PrintSystemInfo:        /___/                         /___/  
00:00:00.197 |N| Application PrintSystemInfo: Ryujinx Version: 1.3.3
00:00:00.197 |N| Application PrintSystemInfo: .NET Runtime: .NET 9.0.9
00:00:00.206 |N| Application PrintSystemInfo: Operating System: Arch Linux (X64)
00:00:00.206 |N| Application PrintSystemInfo: CPU: AMD Ryzen AI 7 350 w/ Radeon 860M ; 16 logical
00:00:00.208 |N| Application PrintSystemInfo: RAM: Total 14.9 GiB ; Available 10.8 GiB
00:00:00.210 |N| Application PrintSystemInfo: Logs Enabled: Info, Warning, Error, Guest, Stub
00:00:00.210 |N| Application PrintSystemInfo: Launch Mode: UserProfile
00:00:00.395 |E| .NET TP Worker ATTENTION: default value of option mesa_glthread overridden by environment.
00:00:00.437 |E| .NET TP Worker ATTENTION: default value of option mesa_glthread overridden by environment.
00:00:00.440 |E| .NET TP Worker ATTENTION: default value of option mesa_glthread overridden by environment.
00:00:03.901 |I| Application QueryLatestAsync: Checking for updates from: https://update.ryujinx.app/latest/query?os=linux&arch=amd64&rc=stable
00:00:04.492 |I| Application BeginUpdateAsync: Up to date.
00:00:00.079 |I| Gpu : Backend Threading (Auto): True
00:00:00.238 |N| Application LoadGuestApplication: Using Firmware Version: 19.0.1
00:00:00.238 |N| Application LoadGuestApplication: Loading content archive from '/home/[redacted]/Downloads/Games/Pokemon Brilliant Diamond [0100000011D90000][v0].nsp'.
00:00:00.238 |I| Application LoadGuestApplication: Loading as NSP.
00:00:00.255 |I| ModLoader QueryContentsDir: Searching mods for Application 0100000011D90000 in "/home/[redacted]/.config/Ryujinx/mods/contents"
00:00:00.256 |I| ModLoader QueryContentsDir: Searching mods for Application 0100000011D90000 in "/home/[redacted]/.config/Ryujinx/sdcard/atmosphere/contents"
00:00:00.257 |I| Loader Load: Loading rtld...
00:00:00.268 |I| Loader PrintRoSectionInfo: rtld:
    Module: nnrtld
00:00:00.269 |I| Loader Load: Loading main...
00:00:00.607 |I| Loader PrintRoSectionInfo: main:
    Module: F:\JenkinsWorkSpace\workspace\BuildRom_Launch\unity_project\Dpr\SwitchIL2CPPCache\il2cpp_cache\linkresult_22F671898E59E8B9B3F93C78532B1E40\SwitchPlayer.nss
    SDK Libraries: SDK MW+UnityTechnologies+Unity-2019_4_27_f1
                   SDK MW+Nintendo+NintendoSDK_libcurl-11_4_3-Release
                   SDK MW+Nintendo+NintendoSDK_libz-11_4_3-Release
                   SDK MW+Nintendo+NEX-4_6_11-appdl
                   SDK MW+Nintendo+PIA_UNITY-0.33.0
                   SDK MW+Nintendo+PiaSession-5_37_0
                   SDK MW+Nintendo+PiaTransport-5_37_0
                   SDK MW+Nintendo+NEX_DS-4_6_11
                   SDK MW+Nintendo+NEX_R2-4_6_11
                   SDK MW+Nintendo+NEX_RK-4_6_11
                   SDK MW+Nintendo+NEX_CO-4_6_11
                   SDK MW+Nintendo+NEX_SS-4_6_11
                   SDK MW+Nintendo+NEX_UT-4_6_11
                   SDK MW+Nintendo+PiaCommon-5_37_0
                   SDK MW+Nintendo+Pia-5_37_0_58082
                   SDK MW+Nintendo+PiaFramework-5_37_0
                   SDK MW+Nintendo+PiaLan-5_37_0
                   SDK MW+Nintendo+PiaLocal-5_37_0
                   SDK MW+Nintendo+PiaNex-5_37_0-forNEX-4_6_5
                   SDK MW+Nintendo+PiaReckoning-5_37_0
                   SDK MW+Nintendo+PiaSync-5_37_0
                   SDK MW+Nintendo+NEX_MM-4_6_11
                   SDK MW+Nintendo+PiaClone-5_37_0
00:00:00.607 |I| Loader Load: Loading subsdk0...
00:00:00.624 |I| Loader PrintRoSectionInfo: subsdk0:
    Module: multimedia
    SDK Libraries: SDK MW+Nintendo+NintendoSDK_movie-11_4_3-Release
00:00:00.624 |I| Loader Load: Loading sdk...
00:00:00.658 |I| Loader PrintRoSectionInfo: sdk:
    Module: nnSdk
    FS SDK Version: 11.4.3
    SDK Libraries: SDK MW+Nintendo+NintendoSDK_libz-11_4_3-Release
                   SDK MW+Nintendo+NintendoSdk_nnSdk-11_4_3-Release
                   SDK MW+Nintendo+NintendoSDK_NVN-11_4_3-Release
00:00:00.736 |I| Ptc Initialize: Initializing Profiled Persistent Translation Cache (enabled: True).
00:00:00.736 |I| Ptc Initialize: PPTC (v7009) Profile: 1.0.0-default
00:00:01.355 |I| Ptc Load: Loaded Translation Cache (size: 128419689 bytes, translated functions: 66935).
00:00:01.368 |I| Ptc Load: Loaded Profiling Info (size: 302002 bytes, profiled functions: 66326).
00:00:01.371 |I| Application ParseCapability: Application requested cores with index range 0 to 2
00:00:01.371 |I| Loader LoadNsos: Loading image 0 at 0x0000000008500000...
00:00:01.372 |I| Loader LoadNsos: Loading image 1 at 0x0000000008504000...
00:00:01.389 |I| Loader LoadNsos: Loading image 2 at 0x000000000d2bd000...
00:00:01.390 |I| Loader LoadNsos: Loading image 3 at 0x000000000d963000...
00:00:01.394 |I| ModLoader LoadCheats: Build ids found for application 0100000011D90000:
    6F8B1226CC8CD958021D6BFD226EBF23F892AB9B000000000000000000000000
    F87FC6075104EC4D9642A4AA6BB2221600000000000000000000000000000000
    507F19D1240D09D00992248E8A0FD77EBD784EB4000000000000000000000000
    2D369D9999E3E10E665106F840FFFF9BDAA0BB8E000000000000000000000000
00:00:01.396 |I| Application EnsureSaveData: Ensuring required savedata exists.
00:00:01.412 |I| Loader Start: Application Loaded: Pokémon Brilliant Diamond v1.0.0 [0100000011d90000] [64-bit]
00:00:01.459 |I| GUI.WindowThread Hid Configure: Configured Controller ProController to Player1
00:00:01.467 |I| GUI.WindowThread Hid SetupNpad: Connected Controller ProController to Player1
00:00:01.556 |N| GUI.RenderThread Gpu PrintGpuInformation: AMD Radeon 860M Graphics (RADV KRACKAN1) (Vulkan v1.4.335, Driver v26.0.1)
00:00:01.556 |N| GUI.RenderThread Gpu PrintGpuInformation: GPU Memory: 5429 MiB
00:00:01.561 |I| GPU.MainThread Gpu LoadShaders: Loading 3281 shaders from the cache...
00:00:03.257 |I| GPU.MainThread Gpu LoadShaders: Shader cache loaded.
00:00:03.863 |W| HLE.GuestThread.46 Cpu Allocate: JIT Cache Region 0 exhausted, creating new Cache Region 1 (512 MB Total Allocation).
00:00:04.206 |I| HLE.GuestThread.46 Ptc LoadTranslations: 66326 translated functions loaded
00:00:04.278 |S| HLE.OsThread.47 ServiceAm GetAppletResourceUserId: Stubbed. {appletResourceUserId: 1}
00:00:04.284 |S| HLE.OsThread.47 ServiceAm AcquireForegroundRights: Stubbed. 
00:00:04.284 |S| HLE.OsThread.47 ServiceAm SetFocusHandlingMode: Stubbed. {unknownFlag1: False ; unknownFlag2: False ; unknownFlag3: True}
00:00:04.284 |S| HLE.OsThread.47 ServiceAm SetOutOfFocusSuspendingEnabled: Stubbed. {outOfFocusSuspendingEnabled: False}
00:00:04.288 |S| HLE.OsThread.47 ServicePctl Initialize: Stubbed. 
00:00:04.303 |S| HLE.OsThread.4 ServiceNv FinishInitialize: Stubbed. 
00:00:04.305 |S| HLE.OsThread.47 ServiceAm SetRestartMessageEnabled: Stubbed. {restartMessageEnabled: True}
00:00:04.305 |S| HLE.OsThread.47 ServiceAm SetPerformanceModeChangedNotification: Stubbed. {performanceModeChangedNotification: True}
00:00:04.305 |S| HLE.OsThread.47 ServiceAm SetOperationModeChangedNotification: Stubbed. {operationModeChangedNotification: True}
00:00:04.556 |S| HLE.OsThread.1 ServiceBsd RegisterClient: Stubbed. 
00:00:04.557 |S| HLE.OsThread.1 ServiceBsd StartMonitoring: Stubbed. {unknown0: 0}
00:00:04.687 |S| HLE.OsThread.47 ServiceSsl SetInterfaceVersion: Stubbed. {interfaceVersion: 3}
00:00:04.693 |S| HLE.OsThread.3 ServiceHid ActivateTouchScreen: Stubbed. {appletResourceUserId: 1}
00:00:04.693 |S| HLE.OsThread.3 ServiceHid ActiveNpadImpl: Stubbed. {appletResourceUserId: 1 ; revision: 3}
00:00:04.693 |S| HLE.OsThread.3 ServiceHid SetSupportedNpadStyleSet: Stubbed. {pid: 127 ; appletResourceUserId: 1 ; type: ProController, Handheld, JoyconPair}
00:00:04.696 |S| HLE.OsThread.3 ServiceHid SetSupportedNpadIdType: Stubbed. 9 Players: Handheld,Player1,Player2,Player3,Player4,Player5,Player6,Player7,Player8
00:00:04.704 |S| HLE.OsThread.4 ServiceNv InitializeEx: Stubbed. 
00:00:04.711 |S| HLE.OsThread.4 ServiceNv GetActiveSlotMask: Stubbed. 
00:00:04.741 |S| HLE.OsThread.4 ServiceNv SetNvMapFd: Stubbed. 
00:00:04.741 |S| HLE.OsThread.4 ServiceNv AllocGpfifoEx2: Stubbed. 
00:00:04.741 |S| HLE.OsThread.4 ServiceNv AllocObjCtx: Stubbed. 
00:00:04.742 |S| HLE.OsThread.4 ServiceNv SetErrorNotifier: Stubbed. 
00:00:04.742 |S| HLE.OsThread.4 ServiceNv SetUserData: Stubbed. 
00:00:04.742 |S| HLE.OsThread.4 ServiceNv SetTimeout: Stubbed. 
00:00:04.742 |S| HLE.OsThread.4 ServiceNv SetTimeslice: Stubbed. 
00:00:04.743 |S| HLE.OsThread.4 ServiceNv ZcullBind: Stubbed. 
00:00:04.746 |I| HLE.OsThread.47 SurfaceFlinger CreateLayerFromId: Creating layer 1
00:00:04.748 |I| HLE.OsThread.47 SurfaceFlinger CreateLayerFromId: Creating layer 2
00:00:04.777 |I| HLE.OsThread.11 AudioRenderer AcquireSessionId: Registered new output (0)
00:00:04.793 |I| HLE.OsThread.11 Audio EnsureAudioStreamSetup: New audio stream setup with a target sample count of 1024
00:00:04.927 |S| HLE.OsThread.3 ServiceHid SetSupportedNpadIdType: Stubbed. 2 Players: Player1,Handheld
00:00:04.927 |S| HLE.OsThread.3 ServiceHid SetSupportedNpadStyleSet: Stubbed. {pid: 127 ; appletResourceUserId: 1 ; type: ProController, Handheld, JoyconPair}
00:00:07.293 |S| HLE.OsThread.47 ServiceAcc InitializeApplicationInfo: Stubbed. {TitleId: 72057594337361920}
00:00:07.294 |S| HLE.OsThread.47 ServiceAcc IsUserAccountSwitchLocked: Stubbed. 
00:00:11.641 |S| HLE.OsThread.47 ServiceAm SetFocusHandlingMode: Stubbed. {unknownFlag1: False ; unknownFlag2: False ; unknownFlag3: True}
00:00:11.642 |S| HLE.OsThread.47 ServiceAm SetOutOfFocusSuspendingEnabled: Stubbed. {outOfFocusSuspendingEnabled: False}
00:00:11.652 |I| HLE.OsThread.11 AudioRenderer AcquireSessionId: Registered new output (1)
00:00:11.664 |I| HLE.OsThread.11 Audio EnsureAudioStreamSetup: New audio stream setup with a target sample count of 1024
00:00:11.768 |S| HLE.OsThread.4 ServiceNv ZbcSetTable: Stubbed. 
00:00:11.768 |S| HLE.OsThread.4 ServiceNv GetActiveSlotMask: Stubbed. 
00:00:15.712 |S| HLE.OsThread.4 ServiceNv ZbcSetTable: Stubbed. 
00:00:15.712 |S| HLE.OsThread.4 ServiceNv GetActiveSlotMask: Stubbed. 
00:00:19.683 |S| HLE.OsThread.3 ServiceHid StartSixAxisSensor: Stubbed. {appletResourceUserId: 1 ; sixAxisSensorHandle: 131075}
00:00:23.649 |S| HLE.OsThread.4 ServiceNv ZbcSetTable: Stubbed. 
00:00:23.649 |S| HLE.OsThread.4 ServiceNv GetActiveSlotMask: Stubbed. 
00:00:23.853 |S| HLE.OsThread.4 ServiceNv ZbcSetTable: Stubbed. 
00:00:23.853 |S| HLE.OsThread.4 ServiceNv GetActiveSlotMask: Stubbed. 
00:00:25.497 |S| HLE.OsThread.4 ServiceNv ZbcSetTable: Stubbed. 
00:00:25.497 |S| HLE.OsThread.4 ServiceNv GetActiveSlotMask: Stubbed. 
00:00:34.237 |I| Ptc.DiskWriter Ptc Save: Saved Profiling Info (size: 302054 bytes, profiled functions: 66337).
00:01:50.131 |S| HLE.OsThread.4 ServiceNv ZbcSetTable: Stubbed. 
00:01:50.131 |S| HLE.OsThread.4 ServiceNv GetActiveSlotMask: Stubbed. 
00:01:50.137 |S| HLE.OsThread.4 ServiceNv ZbcSetTable: Stubbed. 
00:01:50.137 |S| HLE.OsThread.4 ServiceNv GetActiveSlotMask: Stubbed. 
00:02:04.227 |I| Ptc.DiskWriter Ptc Save: Saved Profiling Info (size: 302064 bytes, profiled functions: 66339).
00:02:34.227 |I| Ptc.DiskWriter Ptc Save: Saved Profiling Info (size: 302278 bytes, profiled functions: 66389).
00:03:34.227 |I| Ptc.DiskWriter Ptc Save: Saved Profiling Info (size: 302336 bytes, profiled functions: 66400).
00:04:04.227 |I| Ptc.DiskWriter Ptc Save: Saved Profiling Info (size: 302462 bytes, profiled functions: 66432).
00:04:34.232 |I| Ptc.DiskWriter Ptc Save: Saved Profiling Info (size: 302484 bytes, profiled functions: 66436).
00:05:34.226 |I| Ptc.DiskWriter Ptc Save: Saved Profiling Info (size: 302489 bytes, profiled functions: 66437).
00:06:04.226 |I| Ptc.DiskWriter Ptc Save: Saved Profiling Info (size: 302566 bytes, profiled functions: 66457).
00:07:04.230 |I| Ptc.DiskWriter Ptc Save: Saved Profiling Info (size: 302582 bytes, profiled functions: 66460).
00:07:34.225 |I| Ptc.DiskWriter Ptc Save: Saved Profiling Info (size: 302629 bytes, profiled functions: 66470).
00:08:04.228 |I| Ptc.DiskWriter Ptc Save: Saved Profiling Info (size: 302680 bytes, profiled functions: 66482).
00:08:34.225 |I| Ptc.DiskWriter Ptc Save: Saved Profiling Info (size: 302681 bytes, profiled functions: 66482).
00:09:04.225 |I| Ptc.DiskWriter Ptc Save: Saved Profiling Info (size: 302701 bytes, profiled functions: 66487).
00:09:34.227 |I| Ptc.DiskWriter Ptc Save: Saved Profiling Info (size: 302746 bytes, profiled functions: 66497).
00:10:04.227 |I| Ptc.DiskWriter Ptc Save: Saved Profiling Info (size: 302800 bytes, profiled functions: 66509).
00:10:34.225 |I| Ptc.DiskWriter Ptc Save: Saved Profiling Info (size: 302879 bytes, profiled functions: 66527).
00:11:04.227 |I| Ptc.DiskWriter Ptc Save: Saved Profiling Info (size: 302900 bytes, profiled functions: 66532).
00:11:34.225 |I| Ptc.DiskWriter Ptc Save: Saved Profiling Info (size: 302934 bytes, profiled functions: 66540).
00:12:16.543 |S| HLE.OsThread.47 ServiceAm LockExit: Stubbed. 
00:12:16.549 |S| HLE.OsThread.4 ServiceNv ZbcSetTable: Stubbed. 
00:12:16.549 |S| HLE.OsThread.4 ServiceNv GetActiveSlotMask: Stubbed. 
00:12:16.681 |S| HLE.OsThread.47 ServiceAm UnlockExit: Stubbed. 
00:12:16.686 |S| HLE.OsThread.4 ServiceNv ZbcSetTable: Stubbed. 
00:12:16.686 |S| HLE.OsThread.4 ServiceNv GetActiveSlotMask: Stubbed. 
00:12:28.186 |S| HLE.OsThread.47 ServiceAm LockExit: Stubbed. 
00:12:28.193 |S| HLE.OsThread.4 ServiceNv ZbcSetTable: Stubbed. 
00:12:28.193 |S| HLE.OsThread.4 ServiceNv GetActiveSlotMask: Stubbed. 
00:12:28.352 |S| HLE.OsThread.47 ServiceAm UnlockExit: Stubbed. 
00:13:18.208 |S| HLE.OsThread.47 ServiceAm LockExit: Stubbed. 
00:13:18.352 |S| HLE.OsThread.47 ServiceAm UnlockExit: Stubbed. 
00:13:41.919 |S| HLE.OsThread.47 ServiceAm LockExit: Stubbed. 
00:13:42.069 |S| HLE.OsThread.47 ServiceAm UnlockExit: Stubbed. 
00:13:52.508 |S| HLE.OsThread.47 ServiceAm LockExit: Stubbed. 
00:13:52.659 |S| HLE.OsThread.47 ServiceAm UnlockExit: Stubbed. 
00:14:15.514 |S| HLE.OsThread.47 ServiceAm LockExit: Stubbed. 
00:14:15.525 |S| HLE.OsThread.47 ServiceAm UnlockExit: Stubbed. 
00:14:20.204 |W| HLE.GuestThread.49 KernelSvc : WaitProcessWideKeyAtomic() = TerminationRequested
00:14:20.204 |W| HLE.GuestThread.46 KernelSvc : WaitProcessWideKeyAtomic() = TerminationRequested
00:14:20.204 |W| HLE.GuestThread.48 KernelSvc : WaitSynchronization(handleIndex: 0xFFFFFFFF) = TerminationRequested
00:14:20.204 |W| HLE.GuestThread.52 KernelSvc : WaitProcessWideKeyAtomic() = TerminationRequested
00:14:20.204 |W| HLE.GuestThread.53 KernelSvc : WaitProcessWideKeyAtomic() = TerminationRequested
00:14:20.204 |W| HLE.GuestThread.50 KernelSvc : WaitProcessWideKeyAtomic() = TerminationRequested
00:14:20.204 |W| HLE.GuestThread.56 KernelSvc : WaitProcessWideKeyAtomic() = TerminationRequested
00:14:20.204 |W| HLE.GuestThread.55 KernelSvc : WaitProcessWideKeyAtomic() = TerminationRequested
00:14:20.204 |W| HLE.GuestThread.51 KernelSvc : WaitProcessWideKeyAtomic() = TerminationRequested
00:14:20.204 |W| HLE.GuestThread.59 KernelSvc : WaitProcessWideKeyAtomic() = TerminationRequested
00:14:20.204 |W| HLE.GuestThread.54 KernelSvc : WaitProcessWideKeyAtomic() = TerminationRequested
00:14:20.204 |W| HLE.GuestThread.61 KernelSvc : WaitProcessWideKeyAtomic() = TerminationRequested
00:14:20.204 |W| HLE.GuestThread.57 KernelSvc : WaitProcessWideKeyAtomic() = TerminationRequested
00:14:20.204 |W| HLE.GuestThread.62 KernelSvc : WaitProcessWideKeyAtomic() = TerminationRequested
00:14:20.204 |W| HLE.GuestThread.58 KernelSvc : WaitProcessWideKeyAtomic() = TerminationRequested
00:14:20.204 |W| HLE.GuestThread.70 KernelSvc : WaitProcessWideKeyAtomic() = TerminationRequested
00:14:20.204 |W| HLE.GuestThread.60 KernelSvc : WaitProcessWideKeyAtomic() = TerminationRequested
00:14:20.204 |W| HLE.GuestThread.71 KernelSvc : WaitProcessWideKeyAtomic() = TerminationRequested
00:14:20.204 |W| HLE.GuestThread.63 KernelSvc : WaitProcessWideKeyAtomic() = TerminationRequested
00:14:20.204 |W| HLE.GuestThread.64 KernelSvc : WaitProcessWideKeyAtomic() = TerminationRequested
00:14:20.204 |W| HLE.GuestThread.72 KernelSvc : WaitSynchronization(handleIndex: 0xFFFFFFFF) = TerminationRequested
00:14:20.204 |W| HLE.GuestThread.67 KernelSvc : WaitProcessWideKeyAtomic() = TerminationRequested
00:14:20.204 |W| HLE.GuestThread.65 KernelSvc : WaitProcessWideKeyAtomic() = TerminationRequested
00:14:20.204 |W| HLE.GuestThread.68 KernelSvc : WaitProcessWideKeyAtomic() = TerminationRequested
00:14:20.204 |W| HLE.GuestThread.87 KernelSvc : WaitProcessWideKeyAtomic() = TerminationRequested
00:14:20.204 |W| HLE.GuestThread.77 KernelSvc : WaitProcessWideKeyAtomic() = TerminationRequested
00:14:20.204 |W| HLE.GuestThread.66 KernelSvc : WaitProcessWideKeyAtomic() = TerminationRequested
00:14:20.204 |W| HLE.GuestThread.86 KernelSvc : WaitProcessWideKeyAtomic() = TerminationRequested
00:14:20.204 |W| HLE.GuestThread.78 KernelSvc : WaitProcessWideKeyAtomic() = TerminationRequested
00:14:20.204 |W| HLE.GuestThread.76 KernelSvc : WaitProcessWideKeyAtomic() = TerminationRequested
00:14:20.204 |W| HLE.GuestThread.69 KernelSvc : WaitProcessWideKeyAtomic() = TerminationRequested
00:14:20.204 |W| HLE.GuestThread.73 KernelSvc : SendSyncRequest() = TerminationRequested
00:14:20.204 |W| HLE.GuestThread.74 KernelSvc : WaitSynchronization(handleIndex: 0xFFFFFFFF) = TerminationRequested
00:14:20.205 |W| HLE.GuestThread.79 KernelSvc : WaitProcessWideKeyAtomic() = TerminationRequested
00:14:20.205 |W| HLE.GuestThread.80 KernelSvc : WaitProcessWideKeyAtomic() = TerminationRequested
00:14:20.205 |W| HLE.GuestThread.81 KernelSvc : WaitProcessWideKeyAtomic() = TerminationRequested
00:14:20.207 |E| HLE.OsThread.7 SurfaceFlinger DequeueBuffer: No available buffer slots
00:14:20.208 |E| HLE.OsThread.7 SurfaceFlinger OnTransact: Error returned by transaction DequeueBuffer: Busy
00:14:20.254 |I| HLE.OsThread.11 AudioRenderer ReleaseSessionId: Unregistered output (0)
00:14:20.301 |I| HLE.OsThread.11 AudioRenderer ReleaseSessionId: Unregistered output (1)
00:14:20.316 |W| GUI.WindowThread ServiceNv Close: Closing channel
00:14:20.559 |N| GUI.RenderThread Application ReloadConfig: Loading configuration from: /home/[redacted]/.config/Ryujinx/Config.json
00:14:39.418 |E| .NET TP Worker ATTENTION: default value of option mesa_glthread overridden by environment.
